<?xml version="1.0" encoding="UTF-8"?>
<testng-results ignored="0" total="1" passed="1" failed="0" skipped="0">
  <reporter-output>
  </reporter-output>
  <suite started-at="2025-01-17T12:37:02 IST" name="Default suite" finished-at="2025-01-17T12:37:04 IST" duration-ms="2175">
    <groups>
    </groups>
    <test started-at="2025-01-17T12:37:02 IST" name="Default test" finished-at="2025-01-17T12:37:04 IST" duration-ms="2175">
      <class name="Assertions.VerifyComplexJSONPath">
        <test-method signature="verifyComplexJSONPath()[pri:0, instance:Assertions.VerifyComplexJSONPath@2a3b5b47]" started-at="2025-01-17T12:37:02 IST" name="verifyComplexJSONPath" finished-at="2025-01-17T12:37:04 IST" duration-ms="2113" status="PASS">
          <reporter-output>
          </reporter-output>
        </test-method> <!-- verifyComplexJSONPath -->
      </class> <!-- Assertions.VerifyComplexJSONPath -->
    </test> <!-- Default test -->
  </suite> <!-- Default suite -->
</testng-results>
